Using pre-set license

 COMMAND LINE ARGUMENTS:
/Applications/Unity/Unity.app/Contents/MacOS/Unity
-adb2
-batchMode
-noUpm
-name
AssetImportWorker0
-projectPath
/Users/kinjalpatel/Deco Design
-logFile
Logs/AssetImportWorker0.log
-srvPort
49324
Successfully changed project path to: /Users/kinjalpatel/Deco Design
/Users/kinjalpatel/Deco Design
Using Asset Import Pipeline V2.
Refreshing native plugins compatible for Editor in 141.05 ms, found 1 plugins.
Preloading 0 native plugins for Editor in 0.00 ms.
Initialize engine version: 2021.1.7f1 (d91830b65d9b)
[Subsystems] Discovering subsystems at path /Applications/Unity/Unity.app/Contents/Resources/UnitySubsystems
[Subsystems] Discovering subsystems at path /Users/kinjalpatel/Deco Design/Assets
GfxDevice: creating device client; threaded=0; jobified=0
2021-05-25 14:37:38.567 Unity[48156:279032] Color LCD preferred device: Intel(R) Iris(TM) Graphics 6000 (low power)
2021-05-25 14:37:38.567 Unity[48156:279032] Metal devices available: 1
2021-05-25 14:37:38.567 Unity[48156:279032] 0: Intel(R) Iris(TM) Graphics 6000 (low power)
2021-05-25 14:37:38.569 Unity[48156:279032] Using device Intel(R) Iris(TM) Graphics 6000 (low power)
Initializing Metal device caps: Intel(R) Iris(TM) Graphics 6000
Initialize mono
Mono path[0] = '/Applications/Unity/Unity.app/Contents/Managed'
Mono path[1] = '/Applications/Unity/Unity.app/Contents/MonoBleedingEdge/lib/mono/unityjit'
Mono config path = '/Applications/Unity/Unity.app/Contents/MonoBleedingEdge/etc'
Using monoOptions --debugger-agent=transport=dt_socket,embedding=1,server=y,suspend=n,address=127.0.0.1:56156
Begin MonoManager ReloadAssembly
Registering precompiled unity dll's ...
Register platform support module: /Applications/Unity/Unity.app/Contents/PlaybackEngines/MacStandaloneSupport/UnityEditor.OSXStandalone.Extensions.dll
Registered in 0.001042 seconds.
Native extension for OSXStandalone target not found
Refreshing native plugins compatible for Editor in 135.51 ms, found 1 plugins.
Preloading 0 native plugins for Editor in 0.00 ms.
Mono: successfully reloaded assembly
- Completed reload, in  7.197 seconds
Platform modules already initialized, skipping
Registering precompiled user dll's ...
Registered in 0.003765 seconds.
Begin MonoManager ReloadAssembly
Symbol file LoadedFromMemory doesn't match image /Users/kinjalpatel/Deco Design/Library/PackageCache/com.unity.visualscripting@1.6.1/Editor/VisualScripting.Core/Dependencies/YamlDotNet/Unity.VisualScripting.YamlDotNet.dll
Symbol file LoadedFromMemory doesn't match image /Users/kinjalpatel/Deco Design/Library/PackageCache/com.unity.visualscripting@1.6.1/Editor/VisualScripting.Core/Dependencies/DotNetZip/Unity.VisualScripting.IonicZip.dll
Native extension for OSXStandalone target not found
Refreshing native plugins compatible for Editor in 131.77 ms, found 1 plugins.
Preloading 0 native plugins for Editor in 0.00 ms.
Mono: successfully reloaded assembly
- Completed reload, in  2.152 seconds
Platform modules already initialized, skipping
========================================================================
Worker process is ready to serve import requests
Launching external process: /Applications/Unity/Unity.app/Contents/Tools/UnityShaderCompiler
Launched and connected shader compiler UnityShaderCompiler after 0.03 seconds
Refreshing native plugins compatible for Editor in 0.80 ms, found 1 plugins.
Preloading 0 native plugins for Editor in 0.00 ms.
Unloading 3090 Unused Serialized files (Serialized files now loaded: 0)
System memory in use before: 178.7 MB.
System memory in use after: 178.9 MB.

Unloading 16 unused Assets to reduce memory usage. Loaded Objects now: 3544.
Total: 4.320699 ms (FindLiveObjects: 0.383511 ms CreateObjectMapping: 0.269870 ms MarkObjects: 3.443174 ms  DeleteObjects: 0.220409 ms)

========================================================================
Received Import Request.
  path: Assets/InputManager.cs
  artifactKey: Guid(ac17731998bcf4a13b279e8c4a5ebe06) Importer(815301076,1909f56bfc062723c751e8b465ee728b)
Start importing Assets/InputManager.cs using Guid(ac17731998bcf4a13b279e8c4a5ebe06) Importer(815301076,1909f56bfc062723c751e8b465ee728b)  -> (artifact id: '42ffa2cdfefe37d3bf5a2deddb23ba5a') in 0.569026 seconds 
AssetImportWorkerClient::OnTransportError - code=2 error=End of file
